{"uuid":"ca1b220d-84f2-470e-90c4-9e63c6521068","historyId":"2de21fbc2a56b095d97ec862cd9fddc0","fullName":"codes.Start.creteNews","labels":[{"name":"package","value":"codes.Start"},{"name":"testClass","value":"codes.Start"},{"name":"testMethod","value":"creteNews"},{"name":"parentSuite","value":"Default Suite"},{"name":"suite","value":"FrameForLaget"},{"name":"subSuite","value":"codes.Start"},{"name":"host","value":"TheSeven"},{"name":"thread","value":"2344@TheSeven.main(1)"},{"name":"framework","value":"testng"},{"name":"language","value":"java"}],"links":[],"name":"creteNews","status":"broken","statusDetails":{"known":false,"muted":false,"flaky":false,"message":"Expected condition failed: waiting for visibility of [[ChromeDriver: chrome on windows (fc1fd7f5bc636d55ea0441fbdc88b724)] -> id: add-news-image] (tried for 3 second(s) with 500 milliseconds interval)\nBuild info: version: '4.25.0', revision: '8a8aea2337'\nSystem info: os.name: 'Windows 11', os.arch: 'amd64', os.version: '10.0', java.version: '21.0.2'\nDriver info: org.openqa.selenium.chrome.ChromeDriver\nCapabilities {acceptInsecureCerts: false, browserName: chrome, browserVersion: 131.0.6778.86, chrome: {chromedriverVersion: 131.0.6778.85 (3d81e41b6f3a..., userDataDir: C:\\Users\\User\\AppData\\Local...}, fedcm:accounts: true, goog:chromeOptions: {debuggerAddress: localhost:62198}, networkConnectionEnabled: false, pageLoadStrategy: normal, platformName: windows, proxy: Proxy(), se:cdp: ws://localhost:62198/devtoo..., se:cdpVersion: 131.0.6778.86, setWindowRect: true, strictFileInteractability: false, timeouts: {implicit: 0, pageLoad: 300000, script: 30000}, unhandledPromptBehavior: dismiss and notify, webauthn:extension:credBlob: true, webauthn:extension:largeBlob: true, webauthn:extension:minPinLength: true, webauthn:extension:prf: true, webauthn:virtualAuthenticators: true}\nSession ID: fc1fd7f5bc636d55ea0441fbdc88b724","trace":"org.openqa.selenium.TimeoutException: Expected condition failed: waiting for visibility of [[ChromeDriver: chrome on windows (fc1fd7f5bc636d55ea0441fbdc88b724)] -> id: add-news-image] (tried for 3 second(s) with 500 milliseconds interval)\nBuild info: version: '4.25.0', revision: '8a8aea2337'\nSystem info: os.name: 'Windows 11', os.arch: 'amd64', os.version: '10.0', java.version: '21.0.2'\nDriver info: org.openqa.selenium.chrome.ChromeDriver\nCapabilities {acceptInsecureCerts: false, browserName: chrome, browserVersion: 131.0.6778.86, chrome: {chromedriverVersion: 131.0.6778.85 (3d81e41b6f3a..., userDataDir: C:\\Users\\User\\AppData\\Local...}, fedcm:accounts: true, goog:chromeOptions: {debuggerAddress: localhost:62198}, networkConnectionEnabled: false, pageLoadStrategy: normal, platformName: windows, proxy: Proxy(), se:cdp: ws://localhost:62198/devtoo..., se:cdpVersion: 131.0.6778.86, setWindowRect: true, strictFileInteractability: false, timeouts: {implicit: 0, pageLoad: 300000, script: 30000}, unhandledPromptBehavior: dismiss and notify, webauthn:extension:credBlob: true, webauthn:extension:largeBlob: true, webauthn:extension:minPinLength: true, webauthn:extension:prf: true, webauthn:virtualAuthenticators: true}\nSession ID: fc1fd7f5bc636d55ea0441fbdc88b724\r\n\tat org.openqa.selenium.support.ui.WebDriverWait.timeoutException(WebDriverWait.java:84)\r\n\tat org.openqa.selenium.support.ui.FluentWait.until(FluentWait.java:228)\r\n\tat codes.Input.waitForInput(Input.java:27)\r\n\tat codes.ProductLogicObject.addNewsIMG(ProductLogicObject.java:134)\r\n\tat codes.BusinessLogicObject.CreateNews(BusinessLogicObject.java:41)\r\n\tat codes.Start.creteNews(Start.java:52)\r\n\tat java.base/jdk.internal.reflect.DirectMethodHandleAccessor.invoke(DirectMethodHandleAccessor.java:103)\r\n\tat java.base/java.lang.reflect.Method.invoke(Method.java:580)\r\n\tat org.testng.internal.invokers.MethodInvocationHelper.invokeMethod(MethodInvocationHelper.java:139)\r\n\tat org.testng.internal.invokers.TestInvoker.invokeMethod(TestInvoker.java:677)\r\n\tat org.testng.internal.invokers.TestInvoker.invokeTestMethod(TestInvoker.java:221)\r\n\tat org.testng.internal.invokers.MethodRunner.runInSequence(MethodRunner.java:50)\r\n\tat org.testng.internal.invokers.TestInvoker$MethodInvocationAgent.invoke(TestInvoker.java:969)\r\n\tat org.testng.internal.invokers.TestInvoker.invokeTestMethods(TestInvoker.java:194)\r\n\tat org.testng.internal.invokers.TestMethodWorker.invokeTestMethods(TestMethodWorker.java:148)\r\n\tat org.testng.internal.invokers.TestMethodWorker.run(TestMethodWorker.java:128)\r\n\tat java.base/java.util.ArrayList.forEach(ArrayList.java:1596)\r\n\tat org.testng.TestRunner.privateRun(TestRunner.java:829)\r\n\tat org.testng.TestRunner.run(TestRunner.java:602)\r\n\tat org.testng.SuiteRunner.runTest(SuiteRunner.java:437)\r\n\tat org.testng.SuiteRunner.runSequentially(SuiteRunner.java:431)\r\n\tat org.testng.SuiteRunner.privateRun(SuiteRunner.java:391)\r\n\tat org.testng.SuiteRunner.run(SuiteRunner.java:330)\r\n\tat org.testng.SuiteRunnerWorker.runSuite(SuiteRunnerWorker.java:52)\r\n\tat org.testng.SuiteRunnerWorker.run(SuiteRunnerWorker.java:95)\r\n\tat org.testng.TestNG.runSuitesSequentially(TestNG.java:1256)\r\n\tat org.testng.TestNG.runSuitesLocally(TestNG.java:1176)\r\n\tat org.testng.TestNG.runSuites(TestNG.java:1099)\r\n\tat org.testng.TestNG.run(TestNG.java:1067)\r\n\tat com.intellij.rt.testng.IDEARemoteTestNG.run(IDEARemoteTestNG.java:65)\r\n\tat com.intellij.rt.testng.RemoteTestNGStarter.main(RemoteTestNGStarter.java:105)\r\n"},"stage":"finished","steps":[{"name":"initialize_and_go","status":"passed","stage":"finished","steps":[{"name":"initializeDriver","status":"passed","stage":"finished","steps":[],"attachments":[],"parameters":[{"name":"browserNames","value":"[chrome]"}],"start":1732721692896,"stop":1732721692898}],"attachments":[],"parameters":[{"name":"browsers","value":"[chrome]"},{"name":"url","value":"http://localhost:3000/"}],"start":1732721692896,"stop":1732721693834},{"name":"goTo","status":"passed","stage":"finished","steps":[],"attachments":[],"parameters":[{"name":"url","value":"http://localhost:3000/loginpanel"}],"start":1732721693836,"stop":1732721694018},{"name":"fillLogin","status":"passed","stage":"finished","steps":[],"attachments":[],"parameters":[{"name":"name","value":"Samira"}],"start":1732721694018,"stop":1732721694192},{"name":"fillPassword","status":"passed","stage":"finished","steps":[],"attachments":[],"parameters":[{"name":"password","value":"v_nas_zasidannya"}],"start":1732721694192,"stop":1732721694341},{"name":"pressSubmit","status":"passed","stage":"finished","steps":[],"attachments":[],"parameters":[],"start":1732721694341,"stop":1732721694563},{"name":"fillSecrets","status":"passed","stage":"finished","steps":[],"attachments":[],"parameters":[{"name":"secret","value":"@dm1n$eCreTs_LaGetCoD"}],"start":1732721694564,"stop":1732721695260},{"name":"pressSubmitSecret","status":"passed","stage":"finished","steps":[],"attachments":[],"parameters":[],"start":1732721695261,"stop":1732721705475},{"name":"goToNewsMenu","status":"passed","stage":"finished","steps":[],"attachments":[],"parameters":[],"start":1732721705475,"stop":1732721715690},{"name":"fillTitle","status":"passed","stage":"finished","steps":[],"attachments":[],"parameters":[{"name":"name","value":"Куди йде цей тіпчик?"}],"start":1732721715690,"stop":1732721715821},{"name":"fillSubTitle","status":"passed","stage":"finished","steps":[],"attachments":[],"parameters":[{"name":"name","value":"Питання без відповіді"}],"start":1732721715822,"stop":1732721715952},{"name":"addNewsIMG","status":"broken","statusDetails":{"known":false,"muted":false,"flaky":false,"message":"Expected condition failed: waiting for visibility of [[ChromeDriver: chrome on windows (fc1fd7f5bc636d55ea0441fbdc88b724)] -> id: add-news-image] (tried for 3 second(s) with 500 milliseconds interval)\nBuild info: version: '4.25.0', revision: '8a8aea2337'\nSystem info: os.name: 'Windows 11', os.arch: 'amd64', os.version: '10.0', java.version: '21.0.2'\nDriver info: org.openqa.selenium.chrome.ChromeDriver\nCapabilities {acceptInsecureCerts: false, browserName: chrome, browserVersion: 131.0.6778.86, chrome: {chromedriverVersion: 131.0.6778.85 (3d81e41b6f3a..., userDataDir: C:\\Users\\User\\AppData\\Local...}, fedcm:accounts: true, goog:chromeOptions: {debuggerAddress: localhost:62198}, networkConnectionEnabled: false, pageLoadStrategy: normal, platformName: windows, proxy: Proxy(), se:cdp: ws://localhost:62198/devtoo..., se:cdpVersion: 131.0.6778.86, setWindowRect: true, strictFileInteractability: false, timeouts: {implicit: 0, pageLoad: 300000, script: 30000}, unhandledPromptBehavior: dismiss and notify, webauthn:extension:credBlob: true, webauthn:extension:largeBlob: true, webauthn:extension:minPinLength: true, webauthn:extension:prf: true, webauthn:virtualAuthenticators: true}\nSession ID: fc1fd7f5bc636d55ea0441fbdc88b724","trace":"org.openqa.selenium.TimeoutException: Expected condition failed: waiting for visibility of [[ChromeDriver: chrome on windows (fc1fd7f5bc636d55ea0441fbdc88b724)] -> id: add-news-image] (tried for 3 second(s) with 500 milliseconds interval)\nBuild info: version: '4.25.0', revision: '8a8aea2337'\nSystem info: os.name: 'Windows 11', os.arch: 'amd64', os.version: '10.0', java.version: '21.0.2'\nDriver info: org.openqa.selenium.chrome.ChromeDriver\nCapabilities {acceptInsecureCerts: false, browserName: chrome, browserVersion: 131.0.6778.86, chrome: {chromedriverVersion: 131.0.6778.85 (3d81e41b6f3a..., userDataDir: C:\\Users\\User\\AppData\\Local...}, fedcm:accounts: true, goog:chromeOptions: {debuggerAddress: localhost:62198}, networkConnectionEnabled: false, pageLoadStrategy: normal, platformName: windows, proxy: Proxy(), se:cdp: ws://localhost:62198/devtoo..., se:cdpVersion: 131.0.6778.86, setWindowRect: true, strictFileInteractability: false, timeouts: {implicit: 0, pageLoad: 300000, script: 30000}, unhandledPromptBehavior: dismiss and notify, webauthn:extension:credBlob: true, webauthn:extension:largeBlob: true, webauthn:extension:minPinLength: true, webauthn:extension:prf: true, webauthn:virtualAuthenticators: true}\nSession ID: fc1fd7f5bc636d55ea0441fbdc88b724\r\n\tat org.openqa.selenium.support.ui.WebDriverWait.timeoutException(WebDriverWait.java:84)\r\n\tat org.openqa.selenium.support.ui.FluentWait.until(FluentWait.java:228)\r\n\tat codes.Input.waitForInput(Input.java:27)\r\n\tat codes.ProductLogicObject.addNewsIMG(ProductLogicObject.java:134)\r\n\tat codes.BusinessLogicObject.CreateNews(BusinessLogicObject.java:41)\r\n\tat codes.Start.creteNews(Start.java:52)\r\n\tat java.base/jdk.internal.reflect.DirectMethodHandleAccessor.invoke(DirectMethodHandleAccessor.java:103)\r\n\tat java.base/java.lang.reflect.Method.invoke(Method.java:580)\r\n\tat org.testng.internal.invokers.MethodInvocationHelper.invokeMethod(MethodInvocationHelper.java:139)\r\n\tat org.testng.internal.invokers.TestInvoker.invokeMethod(TestInvoker.java:677)\r\n\tat org.testng.internal.invokers.TestInvoker.invokeTestMethod(TestInvoker.java:221)\r\n\tat org.testng.internal.invokers.MethodRunner.runInSequence(MethodRunner.java:50)\r\n\tat org.testng.internal.invokers.TestInvoker$MethodInvocationAgent.invoke(TestInvoker.java:969)\r\n\tat org.testng.internal.invokers.TestInvoker.invokeTestMethods(TestInvoker.java:194)\r\n\tat org.testng.internal.invokers.TestMethodWorker.invokeTestMethods(TestMethodWorker.java:148)\r\n\tat org.testng.internal.invokers.TestMethodWorker.run(TestMethodWorker.java:128)\r\n\tat java.base/java.util.ArrayList.forEach(ArrayList.java:1596)\r\n\tat org.testng.TestRunner.privateRun(TestRunner.java:829)\r\n\tat org.testng.TestRunner.run(TestRunner.java:602)\r\n\tat org.testng.SuiteRunner.runTest(SuiteRunner.java:437)\r\n\tat org.testng.SuiteRunner.runSequentially(SuiteRunner.java:431)\r\n\tat org.testng.SuiteRunner.privateRun(SuiteRunner.java:391)\r\n\tat org.testng.SuiteRunner.run(SuiteRunner.java:330)\r\n\tat org.testng.SuiteRunnerWorker.runSuite(SuiteRunnerWorker.java:52)\r\n\tat org.testng.SuiteRunnerWorker.run(SuiteRunnerWorker.java:95)\r\n\tat org.testng.TestNG.runSuitesSequentially(TestNG.java:1256)\r\n\tat org.testng.TestNG.runSuitesLocally(TestNG.java:1176)\r\n\tat org.testng.TestNG.runSuites(TestNG.java:1099)\r\n\tat org.testng.TestNG.run(TestNG.java:1067)\r\n\tat com.intellij.rt.testng.IDEARemoteTestNG.run(IDEARemoteTestNG.java:65)\r\n\tat com.intellij.rt.testng.RemoteTestNGStarter.main(RemoteTestNGStarter.java:105)\r\n"},"stage":"finished","steps":[],"attachments":[],"parameters":[{"name":"path","value":"src/main/resources/static/img.png"}],"start":1732721715953,"stop":1732721719214}],"attachments":[{"name":"Page source DOM","source":"12bc2b06-3cbc-4657-a31e-8ca8874c96e0-attachment","type":"text/html"},{"name":"Page screen","source":"1b7488c7-4a90-4abd-83b9-6c43a640bd30-attachment","type":"image/png"}],"parameters":[{"name":"arg2","value":"src/main/resources/static/img.png"},{"name":"arg1","value":"Питання без відповіді"},{"name":"arg0","value":"Куди йде цей тіпчик?"}],"start":1732721691104,"stop":1732721719451}